# JRE version: Java(TM) SE Runtime Environment (7.0_80-b15) (build 1.7.0_80-b15)
# Java VM: Java HotSpot(TM) 64-Bit Server VM (24.80-b11 mixed mode bsd-amd64 compressed oops)
Heap
 PSYoungGen      total 143872K, used 46561K [0x00000007f5500000, 0x00000007ffd80000, 0x0000000800000000)
  eden space 118272K, 28% used [0x00000007f5500000,0x00000007f755c7d8,0x00000007fc880000)
  from space 25600K, 52% used [0x00000007fe480000,0x00000007ff19bdf0,0x00000007ffd80000)
  to   space 27136K, 0% used [0x00000007fc880000,0x00000007fc880000,0x00000007fe300000)
 ParOldGen       total 166912K, used 93359K [0x00000007e0000000, 0x00000007ea300000, 0x00000007f5500000)
  object space 166912K, 55% used [0x00000007e0000000,0x00000007e5b2be28,0x00000007ea300000)
 PSPermGen       total 54272K, used 43789K [0x00000007c0000000, 0x00000007c3500000, 0x00000007e0000000)
  object space 54272K, 80% used [0x00000007c0000000,0x00000007c2ac3468,0x00000007c3500000)
GC Heap History (10 events):
Event: 12.384 GC heap before
{Heap before GC invocations=16 (full 1):
 PSYoungGen      total 141312K, used 129087K [0x00000007f5500000, 0x00000007ffd00000, 0x0000000800000000)
  eden space 112640K, 100% used [0x00000007f5500000,0x00000007fc300000,0x00000007fc300000)
  from space 28672K, 57% used [0x00000007fe100000,0x00000007ff10ff28,0x00000007ffd00000)
  to   space 29696K, 0% used [0x00000007fc300000,0x00000007fc300000,0x00000007fe000000)
 ParOldGen       total 87552K, used 67000K [0x00000007e0000000, 0x00000007e5580000, 0x00000007f5500000)
  object space 87552K, 76% used [0x00000007e0000000,0x00000007e416e140,0x00000007e5580000)
 PSPermGen       total 40960K, used 31249K [0x00000007c0000000, 0x00000007c2800000, 0x00000007e0000000)
  object space 40960K, 76% used [0x00000007c0000000,0x00000007c1e846a8,0x00000007c2800000)
Event: 12.405 GC heap after
Heap after GC invocations=16 (full 1):
 PSYoungGen      total 142336K, used 17214K [0x00000007f5500000, 0x0000000800000000, 0x0000000800000000)
  eden space 112640K, 0% used [0x00000007f5500000,0x00000007f5500000,0x00000007fc300000)
  from space 29696K, 57% used [0x00000007fc300000,0x00000007fd3cfbf8,0x00000007fe000000)
  to   space 29184K, 0% used [0x00000007fe380000,0x00000007fe380000,0x0000000800000000)
 ParOldGen       total 87552K, used 81789K [0x00000007e0000000, 0x00000007e5580000, 0x00000007f5500000)
  object space 87552K, 93% used [0x00000007e0000000,0x00000007e4fdf4b0,0x00000007e5580000)
 PSPermGen       total 40960K, used 31249K [0x00000007c0000000, 0x00000007c2800000, 0x00000007e0000000)
  object space 40960K, 76% used [0x00000007c0000000,0x00000007c1e846a8,0x00000007c2800000)
}
Event: 12.405 GC heap before
{Heap before GC invocations=17 (full 2):
 PSYoungGen      total 142336K, used 17214K [0x00000007f5500000, 0x0000000800000000, 0x0000000800000000)
  eden space 112640K, 0% used [0x00000007f5500000,0x00000007f5500000,0x00000007fc300000)
  from space 29696K, 57% used [0x00000007fc300000,0x00000007fd3cfbf8,0x00000007fe000000)
  to   space 29184K, 0% used [0x00000007fe380000,0x00000007fe380000,0x0000000800000000)
 ParOldGen       total 87552K, used 81789K [0x00000007e0000000, 0x00000007e5580000, 0x00000007f5500000)
  object space 87552K, 93% used [0x00000007e0000000,0x00000007e4fdf4b0,0x00000007e5580000)
 PSPermGen       total 40960K, used 31249K [0x00000007c0000000, 0x00000007c2800000, 0x00000007e0000000)
  object space 40960K, 76% used [0x00000007c0000000,0x00000007c1e846a8,0x00000007c2800000)
Event: 12.936 GC heap after
Heap after GC invocations=17 (full 2):
 PSYoungGen      total 142336K, used 8645K [0x00000007f5500000, 0x0000000800000000, 0x0000000800000000)
  eden space 112640K, 0% used [0x00000007f5500000,0x00000007f5500000,0x00000007fc300000)
  from space 29696K, 29% used [0x00000007fc300000,0x00000007fcb71530,0x00000007fe000000)
  to   space 29184K, 0% used [0x00000007fe380000,0x00000007fe380000,0x0000000800000000)
 ParOldGen       total 166912K, used 87367K [0x00000007e0000000, 0x00000007ea300000, 0x00000007f5500000)
  object space 166912K, 52% used [0x00000007e0000000,0x00000007e5551e28,0x00000007ea300000)
 PSPermGen       total 54272K, used 31209K [0x00000007c0000000, 0x00000007c3500000, 0x00000007e0000000)
  object space 54272K, 57% used [0x00000007c0000000,0x00000007c1e7a778,0x00000007c3500000)
}
Event: 13.896 GC heap before
{Heap before GC invocations=18 (full 2):
 PSYoungGen      total 142336K, used 121285K [0x00000007f5500000, 0x0000000800000000, 0x0000000800000000)
  eden space 112640K, 100% used [0x00000007f5500000,0x00000007fc300000,0x00000007fc300000)
  from space 29696K, 29% used [0x00000007fc300000,0x00000007fcb71530,0x00000007fe000000)
  to   space 29184K, 0% used [0x00000007fe380000,0x00000007fe380000,0x0000000800000000)
 ParOldGen       total 166912K, used 87367K [0x00000007e0000000, 0x00000007ea300000, 0x00000007f5500000)
  object space 166912K, 52% used [0x00000007e0000000,0x00000007e5551e28,0x00000007ea300000)
 PSPermGen       total 54272K, used 38354K [0x00000007c0000000, 0x00000007c3500000, 0x00000007e0000000)
  object space 54272K, 70% used [0x00000007c0000000,0x00000007c2574898,0x00000007c3500000)
Event: 13.918 GC heap after
Heap after GC invocations=18 (full 2):
 PSYoungGen      total 143872K, used 8645K [0x00000007f5500000, 0x00000007ffe80000, 0x0000000800000000)
  eden space 116224K, 0% used [0x00000007f5500000,0x00000007f5500000,0x00000007fc680000)
  from space 27648K, 31% used [0x00000007fe380000,0x00000007febf1748,0x00000007ffe80000)
  to   space 28672K, 0% used [0x00000007fc680000,0x00000007fc680000,0x00000007fe280000)
 ParOldGen       total 166912K, used 93351K [0x00000007e0000000, 0x00000007ea300000, 0x00000007f5500000)
  object space 166912K, 55% used [0x00000007e0000000,0x00000007e5b29e28,0x00000007ea300000)
 PSPermGen       total 54272K, used 38354K [0x00000007c0000000, 0x00000007c3500000, 0x00000007e0000000)
  object space 54272K, 70% used [0x00000007c0000000,0x00000007c2574898,0x00000007c3500000)
}
Event: 14.866 GC heap before
{Heap before GC invocations=19 (full 2):
 PSYoungGen      total 143872K, used 124869K [0x00000007f5500000, 0x00000007ffe80000, 0x0000000800000000)
  eden space 116224K, 100% used [0x00000007f5500000,0x00000007fc680000,0x00000007fc680000)
  from space 27648K, 31% used [0x00000007fe380000,0x00000007febf1748,0x00000007ffe80000)
  to   space 28672K, 0% used [0x00000007fc680000,0x00000007fc680000,0x00000007fe280000)
 ParOldGen       total 166912K, used 93351K [0x00000007e0000000, 0x00000007ea300000, 0x00000007f5500000)
  object space 166912K, 55% used [0x00000007e0000000,0x00000007e5b29e28,0x00000007ea300000)
 PSPermGen       total 54272K, used 41977K [0x00000007c0000000, 0x00000007c3500000, 0x00000007e0000000)
  object space 54272K, 77% used [0x00000007c0000000,0x00000007c28fe5e0,0x00000007c3500000)
Event: 14.873 GC heap after
Heap after GC invocations=19 (full 2):
 PSYoungGen      total 144896K, used 8221K [0x00000007f5500000, 0x0000000800000000, 0x0000000800000000)
  eden space 116224K, 0% used [0x00000007f5500000,0x00000007f5500000,0x00000007fc680000)
  from space 28672K, 28% used [0x00000007fc680000,0x00000007fce87410,0x00000007fe280000)
  to   space 28160K, 0% used [0x00000007fe480000,0x00000007fe480000,0x0000000800000000)
 ParOldGen       total 166912K, used 93351K [0x00000007e0000000, 0x00000007ea300000, 0x00000007f5500000)
  object space 166912K, 55% used [0x00000007e0000000,0x00000007e5b29e28,0x00000007ea300000)
 PSPermGen       total 54272K, used 41977K [0x00000007c0000000, 0x00000007c3500000, 0x00000007e0000000)
  object space 54272K, 77% used [0x00000007c0000000,0x00000007c28fe5e0,0x00000007c3500000)
}
Event: 26.369 GC heap before
{Heap before GC invocations=20 (full 2):
 PSYoungGen      total 144896K, used 124445K [0x00000007f5500000, 0x0000000800000000, 0x0000000800000000)
  eden space 116224K, 100% used [0x00000007f5500000,0x00000007fc680000,0x00000007fc680000)
  from space 28672K, 28% used [0x00000007fc680000,0x00000007fce87410,0x00000007fe280000)
  to   space 28160K, 0% used [0x00000007fe480000,0x00000007fe480000,0x0000000800000000)
 ParOldGen       total 166912K, used 93351K [0x00000007e0000000, 0x00000007ea300000, 0x00000007f5500000)
  object space 166912K, 55% used [0x00000007e0000000,0x00000007e5b29e28,0x00000007ea300000)
 PSPermGen       total 54272K, used 43587K [0x00000007c0000000, 0x00000007c3500000, 0x00000007e0000000)
  object space 54272K, 80% used [0x00000007c0000000,0x00000007c2a90f58,0x00000007c3500000)
Event: 26.381 GC heap after
Heap after GC invocations=20 (full 2):
 PSYoungGen      total 143872K, used 13423K [0x00000007f5500000, 0x00000007ffd80000, 0x0000000800000000)
  eden space 118272K, 0% used [0x00000007f5500000,0x00000007f5500000,0x00000007fc880000)
  from space 25600K, 52% used [0x00000007fe480000,0x00000007ff19bdf0,0x00000007ffd80000)
  to   space 27136K, 0% used [0x00000007fc880000,0x00000007fc880000,0x00000007fe300000)
 ParOldGen       total 166912K, used 93359K [0x00000007e0000000, 0x00000007ea300000, 0x00000007f5500000)
  object space 166912K, 55% used [0x00000007e0000000,0x00000007e5b2be28,0x00000007ea300000)
 PSPermGen       total 54272K, used 43587K [0x00000007c0000000, 0x00000007c3500000, 0x00000007e0000000)
  object space 54272K, 80% used [0x00000007c0000000,0x00000007c2a90f58,0x00000007c3500000)
}

